<?xml version="1.0" encoding="UTF-8"?>
<!-- Generated by org.testng.reporters.JUnitXMLReporter -->
<testsuite hostname="LAPTOP-M9695LH3" ignored="0" name="Default test" tests="3" failures="0" timestamp="29 Jan 2021 08:05:57 GMT" time="102.653" errors="0">
  <testcase name="verifyPage" time="38.425" classname="com.CGO.TestExecution.AutomationScenario"/>
  <testcase name="signUp" time="29.306" classname="com.CGO.TestExecution.AutomationScenario"/>
  <testcase name="proceedToPaymnetTab" time="12.714" classname="com.CGO.TestExecution.AutomationScenario"/>
</testsuite> <!-- Default test -->
