<?xml version="1.0" encoding="UTF-8"?>
<testng-results skipped="0" failed="0" ignored="0" total="3" passed="3">
  <reporter-output>
  </reporter-output>
  <suite name="Default suite" duration-ms="102653" started-at="2021-01-29T08:04:14Z" finished-at="2021-01-29T08:05:57Z">
    <groups>
    </groups>
    <test name="Default test" duration-ms="102653" started-at="2021-01-29T08:04:14Z" finished-at="2021-01-29T08:05:57Z">
      <class name="com.CGO.TestExecution.AutomationScenario">
        <test-method status="PASS" signature="setUpBrowser()[pri:0, instance:com.CGO.TestExecution.AutomationScenario@271053e1]" name="setUpBrowser" is-config="true" duration-ms="20858" started-at="2021-01-29T13:34:14Z" finished-at="2021-01-29T13:34:35Z">
          <reporter-output>
          </reporter-output>
        </test-method> <!-- setUpBrowser -->
        <test-method status="PASS" signature="verifyPage()[pri:1, instance:com.CGO.TestExecution.AutomationScenario@271053e1]" name="verifyPage" duration-ms="38425" started-at="2021-01-29T13:34:35Z" finished-at="2021-01-29T13:35:14Z">
          <reporter-output>
          </reporter-output>
        </test-method> <!-- verifyPage -->
        <test-method status="PASS" signature="signUp(java.lang.String, java.lang.String, java.lang.String, java.lang.String, java.lang.String, java.lang.String, java.lang.String, java.lang.String)[pri:2, instance:com.CGO.TestExecution.AutomationScenario@271053e1]" name="signUp" duration-ms="29306" started-at="2021-01-29T13:35:15Z" data-provider="SingupData" finished-at="2021-01-29T13:35:44Z">
          <params>
            <param index="0">
              <value>
                <![CDATA[Test]]>
              </value>
            </param>
            <param index="1">
              <value>
                <![CDATA[Test]]>
              </value>
            </param>
            <param index="2">
              <value>
                <![CDATA[Test12345]]>
              </value>
            </param>
            <param index="3">
              <value>
                <![CDATA[316 Ann Ave. Lanaudière-Nord, QC J0K 7Y6]]>
              </value>
            </param>
            <param index="4">
              <value>
                <![CDATA[Red Deer]]>
              </value>
            </param>
            <param index="5">
              <value>
                <![CDATA[Arizona]]>
              </value>
            </param>
            <param index="6">
              <value>
                <![CDATA[202-555-0165]]>
              </value>
            </param>
            <param index="7">
              <value>
                <![CDATA[test@gmail.com]]>
              </value>
            </param>
          </params>
          <reporter-output>
          </reporter-output>
        </test-method> <!-- signUp -->
        <test-method status="PASS" signature="proceedToPaymnetTab()[pri:3, instance:com.CGO.TestExecution.AutomationScenario@271053e1]" name="proceedToPaymnetTab" duration-ms="12714" started-at="2021-01-29T13:35:44Z" finished-at="2021-01-29T13:35:57Z">
          <reporter-output>
          </reporter-output>
        </test-method> <!-- proceedToPaymnetTab -->
        <test-method status="PASS" signature="closeBwoser()[pri:0, instance:com.CGO.TestExecution.AutomationScenario@271053e1]" name="closeBwoser" is-config="true" duration-ms="149" started-at="2021-01-29T13:35:57Z" finished-at="2021-01-29T13:35:57Z">
          <reporter-output>
          </reporter-output>
        </test-method> <!-- closeBwoser -->
      </class> <!-- com.CGO.TestExecution.AutomationScenario -->
    </test> <!-- Default test -->
  </suite> <!-- Default suite -->
</testng-results>
